<?xml version="1.0" encoding="UTF-8"?>
<testsuite xmlns:xsi="http://www.w3.org/2001/XMLSchema-instance" xsi:noNamespaceSchemaLocation="https://maven.apache.org/surefire/maven-surefire-plugin/xsd/surefire-test-report.xsd" name="TestSuite" time="110.105" tests="2" errors="0" skipped="0" failures="0">
  <properties>
[...]
</properties>
  <testcase name="FillForm" classname="org.Framework.pageObjects.android.eCommerce_tc4_Hybrid" time="34.278"/>
  <testcase name="FillForm" classname="org.Framework.pageObjects.android.eCommerce_tc4_Hybrid" time="48.269"/>
</testsuite>