<?xml version="1.0" encoding="UTF-8"?>
<!-- Generated by org.testng.reporters.JUnitXMLReporter -->
<testsuite ignored="0" hostname="DESKTOP-3LS0RRU" failures="0" tests="2" name="End To End Framework Test" time="108.422" errors="0" timestamp="2023-08-02T13:05:43 IST">
  <testcase classname="org.Framework.pageObjects.android.eCommerce_tc4_Hybrid" name="FillForm" time="34.27"/>
  <testcase classname="org.Framework.pageObjects.android.eCommerce_tc4_Hybrid" name="FillForm" time="48.269"/>
</testsuite> <!-- End To End Framework Test -->
