<?xml version="1.0" encoding="UTF-8"?>
<!-- Generated by org.testng.reporters.JUnitXMLReporter -->
<testsuite ignored="2" hostname="DESKTOP-3LS0RRU" failures="0" tests="0" time="0.001" errors="0" timestamp="2023-08-02T13:05:43 IST">
  <testcase classname="org.Framework.pageObjects.android.eCommerce_tc_2" name="FillForm_PositiveFlow" time="0.0">
    <ignored/>
  </testcase> <!-- FillForm_PositiveFlow -->
  <testcase classname="org.Framework.pageObjects.android.eCommerce_tc_2" name="FillForm_NegativeFlow" time="0.0">
    <ignored/>
  </testcase> <!-- FillForm_NegativeFlow -->
</testsuite>
